<?xml version="1.0" encoding="UTF-8"?>
<!-- Generated by org.testng.reporters.JUnitReportReporter -->
<testsuite skipped="0" hostname="8XN2SJ2" name="com.automation.main.BrokenLinks" tests="1" failures="0" timestamp="25 Sep 2018 04:52:43 GMT" time="45.594" errors="0">
  <testcase name="FindBrokenLinks" time="45.594" classname="com.automation.main.BrokenLinks"/>
</testsuite> <!-- com.automation.main.BrokenLinks -->
