<?xml version="1.0" encoding="UTF-8"?>
<!-- Generated by org.testng.reporters.JUnitReportReporter -->
<testsuite skipped="0" hostname="8XN2SJ2" name="com.automtion.test.RunExcel" tests="7" failures="0" timestamp="22 Sep 2018 19:15:30 GMT" time="0.000" errors="0">
  <testcase name="login" time="0.000" classname="com.automtion.test.RunExcel"/>
  <testcase name="login" time="0.000" classname="com.automtion.test.RunExcel"/>
  <testcase name="login" time="0.000" classname="com.automtion.test.RunExcel"/>
  <testcase name="login" time="0.000" classname="com.automtion.test.RunExcel"/>
  <testcase name="login" time="0.000" classname="com.automtion.test.RunExcel"/>
  <testcase name="login" time="0.000" classname="com.automtion.test.RunExcel"/>
  <testcase name="login" time="0.000" classname="com.automtion.test.RunExcel"/>
</testsuite> <!-- com.automtion.test.RunExcel -->
