<?xml version="1.0" encoding="UTF-8"?>
<!-- Generated by org.testng.reporters.JUnitReportReporter -->
<testsuite skipped="0" hostname="8XN2SJ2" name="com.automation.main.ValidateDriverManager" tests="1" failures="0" timestamp="20 Sep 2018 03:19:53 GMT" time="66.818" errors="0">
  <testcase name="validate" time="66.818" classname="com.automation.main.ValidateDriverManager"/>
</testsuite> <!-- com.automation.main.ValidateDriverManager -->
