<?xml version="1.0" encoding="UTF-8"?>
<!-- Generated by org.testng.reporters.JUnitReportReporter -->
<testsuite skipped="0" hostname="8XN2SJ2" name="com.main.pk.Singleton" tests="1" failures="0" timestamp="12 Sep 2018 11:02:07 GMT" time="17.890" errors="0">
  <testcase name="test" time="17.890" classname="com.main.pk.Singleton"/>
</testsuite> <!-- com.main.pk.Singleton -->
