<?xml version="1.0" encoding="UTF-8"?>
<!-- Generated by org.testng.reporters.JUnitReportReporter -->
<testsuite skipped="0" hostname="8XN2SJ2" name="com.main.pk.ValidateDriverManager" tests="1" failures="0" timestamp="18 Sep 2018 10:47:43 GMT" time="10.165" errors="0">
  <testcase name="validate" time="10.165" classname="com.main.pk.ValidateDriverManager"/>
</testsuite> <!-- com.main.pk.ValidateDriverManager -->
